<?xml version="1.0" encoding="UTF-8"?>
<!-- Generated by org.testng.reporters.JUnitReportReporter -->
<testsuite skipped="0" hostname="Bhojane" name="aa.ExpectedExcepionsAttrOfTest" tests="1" failures="0" timestamp="14 Dec 2019 06:24:38 GMT" time="0.048" errors="0">
  <testcase name="f" time="0.048" classname="aa.ExpectedExcepionsAttrOfTest"/>
</testsuite> <!-- aa.ExpectedExcepionsAttrOfTest -->
