<?xml version="1.0" encoding="UTF-8"?>
<!-- Generated by org.testng.reporters.JUnitReportReporter -->
<testsuite skipped="0" hostname="Bhojane" name="aa.Group" tests="2" failures="0" timestamp="14 Dec 2019 07:51:53 GMT" time="0.031" errors="0">
  <testcase name="f" time="0.031" classname="aa.Group"/>
  <testcase name="f1" time="0.000" classname="aa.Group"/>
</testsuite> <!-- aa.Group -->
