<?xml version="1.0" encoding="UTF-8"?>
<!-- Generated by org.testng.reporters.JUnitReportReporter -->
<testsuite hostname="Bhojane" name="com.jbkclass.qa.testcases.LoginPageTest" tests="1" failures="0" timestamp="1 Dec 2019 11:02:34 GMT" time="16.988" errors="0">
  <testcase name="loginTest" time="16.988" classname="com.jbkclass.qa.testcases.LoginPageTest"/>
</testsuite> <!-- com.jbkclass.qa.testcases.LoginPageTest -->
