<?xml version="1.0" encoding="UTF-8"?>
<!-- Generated by org.testng.reporters.JUnitReportReporter -->
<testsuite hostname="Bhojane" name="com.jbkclass.qa.testcases.SetUpTest" tests="1" failures="0" timestamp="2 Dec 2019 12:22:30 GMT" time="15.927" errors="0">
  <testcase name="clickOnpaymentTermsLinkTest" time="15.927" classname="com.jbkclass.qa.testcases.SetUpTest"/>
</testsuite> <!-- com.jbkclass.qa.testcases.SetUpTest -->
