<?xml version="1.0" encoding="UTF-8"?>
<!-- Generated by org.testng.reporters.JUnitReportReporter -->
<testsuite hostname="Bhojane" name="com.jbkclass.qa.testcases.ItemInventoryPageTest" tests="1" failures="0" timestamp="2 Dec 2019 11:52:32 GMT" time="14.279" errors="0">
  <testcase name="clickOnInventoryItemMovementsLinkTest" time="14.279" classname="com.jbkclass.qa.testcases.ItemInventoryPageTest"/>
</testsuite> <!-- com.jbkclass.qa.testcases.ItemInventoryPageTest -->
