<?xml version="1.0" encoding="UTF-8"?>
<!-- Generated by org.testng.reporters.JUnitReportReporter -->
<testsuite hostname="Bhojane" name="com.jbkclass.qa.testcases.ChangePswrdPageTest" tests="1" failures="0" timestamp="2 Dec 2019 19:13:17 GMT" time="15.237" errors="0">
  <testcase name="chnagePasswordTest" time="15.237" classname="com.jbkclass.qa.testcases.ChangePswrdPageTest"/>
</testsuite> <!-- com.jbkclass.qa.testcases.ChangePswrdPageTest -->
