<?xml version="1.0" encoding="UTF-8"?>
<!-- Generated by org.testng.reporters.JUnitReportReporter -->
<testsuite hostname="Bhojane" name="com.jbkclass.qa.testcases.HelpPageTest" tests="1" failures="0" timestamp="13 Dec 2019 15:52:58 GMT" time="18.526" errors="0">
  <testcase name="getNewWindowTitleTest" time="18.526" classname="com.jbkclass.qa.testcases.HelpPageTest"/>
</testsuite> <!-- com.jbkclass.qa.testcases.HelpPageTest -->
