<?xml version="1.0" encoding="UTF-8"?>
<!-- Generated by org.testng.reporters.JUnitReportReporter -->
<testsuite hostname="Bhojane" name="com.jbkclass.qa.testcases.ManufacturingPageTest" tests="1" failures="0" timestamp="2 Dec 2019 12:06:52 GMT" time="12.233" errors="0">
  <testcase name="clickOnBillsOfMaterialLinkTest" time="12.233" classname="com.jbkclass.qa.testcases.ManufacturingPageTest"/>
</testsuite> <!-- com.jbkclass.qa.testcases.ManufacturingPageTest -->
