<?xml version="1.0" encoding="UTF-8"?>
<!-- Generated by org.testng.reporters.JUnitReportReporter -->
<testsuite hostname="Bhojane" name="com.jbkclass.qa.testcases.LoginPageTest" tests="1" failures="0" timestamp="1 Dec 2019 10:52:06 GMT" time="12.759" errors="0">
  <testcase name="loginTest" time="12.759" classname="com.jbkclass.qa.testcases.LoginPageTest"/>
</testsuite> <!-- com.jbkclass.qa.testcases.LoginPageTest -->
