<?xml version="1.0" encoding="UTF-8"?>
<!-- Generated by org.testng.reporters.JUnitReportReporter -->
<testsuite hostname="Bhojane" name="com.jbkclass.qa.testcases.SalesPageTest" tests="11" failures="0" timestamp="1 Dec 2019 10:46:02 GMT" time="106.656" errors="0">
  <testcase name="clickOnPreferencesLinkTest" time="9.230" classname="com.jbkclass.qa.testcases.SalesPageTest"/>
  <testcase name="clickOnManufacturingLinkTest" time="13.217" classname="com.jbkclass.qa.testcases.SalesPageTest"/>
  <testcase name="clickOnLogutLinkTest" time="9.560" classname="com.jbkclass.qa.testcases.SalesPageTest"/>
  <testcase name="clickOnDashboardLinkTest" time="10.166" classname="com.jbkclass.qa.testcases.SalesPageTest"/>
  <testcase name="clickOnHelpLinkTests" time="9.959" classname="com.jbkclass.qa.testcases.SalesPageTest"/>
  <testcase name="clickOnFixedAssetsLinkTest" time="9.084" classname="com.jbkclass.qa.testcases.SalesPageTest"/>
  <testcase name="clickOnPurchaseLinkTest" time="9.723" classname="com.jbkclass.qa.testcases.SalesPageTest"/>
  <testcase name="clickOnBankingLinkTest" time="9.026" classname="com.jbkclass.qa.testcases.SalesPageTest"/>
  <testcase name="clickOnDimensionsLinkTest" time="8.866" classname="com.jbkclass.qa.testcases.SalesPageTest"/>
  <testcase name="clickOnItemInventoryLinkTest" time="7.980" classname="com.jbkclass.qa.testcases.SalesPageTest"/>
  <testcase name="clickOnChangePswrdLinkTest" time="9.845" classname="com.jbkclass.qa.testcases.SalesPageTest"/>
</testsuite> <!-- com.jbkclass.qa.testcases.SalesPageTest -->
