<?xml version="1.0" encoding="UTF-8"?>
<!-- Generated by org.testng.reporters.JUnitReportReporter -->
<testsuite hostname="Bhojane" name="com.jbkclass.qa.testcases.PurchasePageTest" tests="1" failures="0" timestamp="2 Dec 2019 10:10:08 GMT" time="19.603" errors="0">
  <testcase name="clickOnPaymnetToSupplierLinkTest" time="19.603" classname="com.jbkclass.qa.testcases.PurchasePageTest"/>
</testsuite> <!-- com.jbkclass.qa.testcases.PurchasePageTest -->
