<?xml version="1.0" encoding="UTF-8"?>
<!-- Generated by org.testng.reporters.JUnitReportReporter -->
<testsuite hostname="Bhojane" name="com.jbkclass.qa.testcases.LogoutPageTest" tests="2" failures="0" timestamp="2 Dec 2019 19:47:44 GMT" time="22.377" errors="0">
  <testcase name="logOutMsgTest" time="11.473" classname="com.jbkclass.qa.testcases.LogoutPageTest"/>
  <testcase name="loginAgainLinkTest" time="10.904" classname="com.jbkclass.qa.testcases.LogoutPageTest"/>
</testsuite> <!-- com.jbkclass.qa.testcases.LogoutPageTest -->
