<?xml version="1.0" encoding="UTF-8"?>
<!-- Generated by org.testng.reporters.JUnitReportReporter -->
<testsuite hostname="Bhojane" name="com.jbkclass.qa.testcases.DashboardPageTest" tests="1" failures="0" timestamp="5 Dec 2019 12:49:51 GMT" time="17.934" errors="0">
  <testcase name="checklabelsOfDashboardPage" time="17.934" classname="com.jbkclass.qa.testcases.DashboardPageTest"/>
</testsuite> <!-- com.jbkclass.qa.testcases.DashboardPageTest -->
