<?xml version="1.0" encoding="UTF-8"?>
<!-- Generated by org.testng.reporters.JUnitReportReporter -->
<testsuite hostname="Bhojane" name="com.jbkclass.qa.testcases.PreferencePageTest" tests="1" failures="0" timestamp="2 Dec 2019 18:46:04 GMT" time="13.461" errors="0">
  <testcase name="checkUrlOfPreferencesPageTest" time="13.461" classname="com.jbkclass.qa.testcases.PreferencePageTest"/>
</testsuite> <!-- com.jbkclass.qa.testcases.PreferencePageTest -->
