<?xml version="1.0" encoding="UTF-8"?>
<!-- Generated by org.testng.reporters.JUnitReportReporter -->
<testsuite skipped="0" hostname="Bhojane" name="runner.RunnerClass" tests="1" failures="0" timestamp="25 Jan 2020 14:41:05 GMT" time="0.387" errors="0">
  <testcase name="feature" time="0.387" classname="runner.RunnerClass"/>
</testsuite> <!-- runner.RunnerClass -->
